This is pdfTeX, Version 3.1415926-1.40.10 (TeX Live 2009/Debian) (format=pdflatex 2012.4.2)  30 OCT 2012 21:19
entering extended mode
 %&-line parsing enabled.
**./src/CSPA.tex
(./src/CSPA.tex
LaTeX2e <2009/09/24>
Babel <v3.8l> and hyphenation patterns for english, usenglishmax, dumylang, noh
yphenation, loaded.
(/usr/share/texmf-texlive/tex/latex/base/article.cls
Document Class: article 2007/10/19 v1.4h Standard LaTeX document class
(/usr/share/texmf-texlive/tex/latex/base/size10.clo
File: size10.clo 2007/10/19 v1.4h Standard LaTeX file (size option)
)
\c@part=\count79
\c@section=\count80
\c@subsection=\count81
\c@subsubsection=\count82
\c@paragraph=\count83
\c@subparagraph=\count84
\c@figure=\count85
\c@table=\count86
\abovecaptionskip=\skip41
\belowcaptionskip=\skip42
\bibindent=\dimen102
)
(/usr/share/texmf/tex/plain/misc/noweb.sty
\nwmarginglue=\dimen103
\codehsize=\dimen104
\codemargin=\dimen105
\nwdefspace=\dimen106
\equivbox=\box26
LaTeX Font Info:    External font `cmex10' loaded for size
(Font)              <7> on input line 79.
LaTeX Font Info:    External font `cmex10' loaded for size
(Font)              <5> on input line 79.
\plusequivbox=\box27
\nwcodetopsep=\skip43
\nwcodepenalty=\count87
\nwbreakcodespace=\dimen107
\@original@textwidth=\dimen108
\nwcodecommentsep=\skip44
\@nwlopage=\count88
\@nwhipage=\count89
\@nwlosub=\count90
\@nwhisub=\count91
\@nwpagetemp=\count92
\@nwpagecount=\count93
\sub@page=\count94
\@nwalph@n=\count95
\nw@chunkcount=\count96
\@commacount=\count97
\nwix@counter=\count98
) (./doc/CSPA.aux)
\openout1 = `CSPA.aux'.

LaTeX Font Info:    Checking defaults for OML/cmm/m/it on input line 7.
LaTeX Font Info:    ... okay on input line 7.
LaTeX Font Info:    Checking defaults for T1/cmr/m/n on input line 7.
LaTeX Font Info:    ... okay on input line 7.
LaTeX Font Info:    Checking defaults for OT1/cmr/m/n on input line 7.
LaTeX Font Info:    ... okay on input line 7.
LaTeX Font Info:    Checking defaults for OMS/cmsy/m/n on input line 7.
LaTeX Font Info:    ... okay on input line 7.
LaTeX Font Info:    Checking defaults for OMX/cmex/m/n on input line 7.
LaTeX Font Info:    ... okay on input line 7.
LaTeX Font Info:    Checking defaults for U/cmr/m/n on input line 7.
LaTeX Font Info:    ... okay on input line 7.
LaTeX Font Info:    External font `cmex10' loaded for size
(Font)              <8> on input line 28.
LaTeX Font Info:    External font `cmex10' loaded for size
(Font)              <6> on input line 28.
 [1

{/var/lib/texmf/fonts/map/pdftex/updmap/pdftex.map}]
LaTeX Font Info:    Try loading font information for OMS+cmr on input line 96.

(/usr/share/texmf-texlive/tex/latex/base/omscmr.fd
File: omscmr.fd 1999/05/25 v2.5h Standard LaTeX font definitions
)
LaTeX Font Info:    Font shape `OMS/cmr/m/n' in size <10> not available
(Font)              Font shape `OMS/cmsy/m/n' tried instead on input line 96.

Underfull \hbox (badness 10000) in paragraph at lines 108--108
[][]\OT1/cmr/m/n/8 Por fuera del ingl^^Ses es nece-sario cod-i-ficar los tex-to
s mir^^Sese
 []

[2]
Missing character: There is no Ã in font cmtt10!
Missing character: There is no ³ in font cmtt10!
Missing character: There is no Ã in font cmtt10!
Missing character: There is no ± in font cmtt10!
 [3] [4] [5]
Missing character: There is no Ã in font cmtt10!
Missing character: There is no ³ in font cmtt10!
Missing character: There is no Ã in font cmtt10!
Missing character: There is no © in font cmtt10!
LaTeX Font Info:    Try loading font information for OML+cmr on input line 210.

 (/usr/share/texmf-texlive/tex/latex/base/omlcmr.fd
File: omlcmr.fd 1999/05/25 v2.5h Standard LaTeX font definitions
)
LaTeX Font Info:    Font shape `OML/cmr/m/it' in size <10> not available
(Font)              Font shape `OML/cmm/m/it' tried instead on input line 210.
 [6]
LaTeX Font Info:    Font shape `OML/cmr/bx/n' in size <10> not available
(Font)              Font shape `OML/cmm/b/it' tried instead on input line 220.
Missing character: There is no Ã in font cmtt10!
Missing character: There is no ³ in font cmtt10!

[7]
Overfull \hbox (68.2494pt too wide) in paragraph at lines 261--261
 []      \OT1/cmtt/m/n/10 printf("Muy bien has ordenado el numero en %d segundo
s..:)\n", (int)(time(NULL) - tiempo_inicio));[]  
 []


Overfull \hbox (73.49936pt too wide) in paragraph at lines 285--285
 []  \OT1/cmtt/m/n/10 cada(entero pdigito = 0, sdigito = 0; pdigito < strlen(Cn
umero);  pdigito += 1, sdigito = pdigito + 1){[]  
 []


Overfull \hbox (52.49954pt too wide) in paragraph at lines 286--286
 []    \OT1/cmtt/m/n/10 si(isdigit(Cnumero[pdigito]) && isdigit(Cnumero[sdigito
]) && Cnumero[pdigito] > Cnumero[sdigito])[]  
 []

[8] [9] [10] [11] [12] [13]
Overfull \hbox (14.66743pt too wide) in paragraph at lines 472--475
\OT1/cmr/m/n/10 l^^Sogica e im-presi^^Son): ini-cial-izaci^^Son, ac-tu-al-izaci
^^Son, proce-samiento, dibu-jado, limpieza. 
 []

[14] [15] [16] [17]
Overfull \hbox (136.71887pt too wide) in paragraph at lines 613--619
\OT1/cmr/m/n/10 desde \OT1/cmr/m/it/10 y \OT1/cmr/m/n/10 0 hasta |PAN-TALLA[]AL
TO| donde cada color ocupa |PAN-TALL[]ALTO/tablero.paleta.cantidad|
 []

[18] [19] [20]
Overfull \hbox (31.53644pt too wide) in paragraph at lines 701--708
[]\OT1/cmr/m/n/10 Para ter-mi-nar la in-vitaci^^Son es a unirse al proyecto \OT
1/cmr/m/it/10 LENGUA\OT1/cmr/m/n/10 (http://www.bit4bit.co)
 []

[21] [22] (./doc/CSPA.aux) ) 
Here is how much of TeX's memory you used:
 548 strings out of 495061
 6594 string characters out of 1182622
 60523 words of memory out of 3000000
 3785 multiletter control sequences out of 15000+50000
 8205 words of font info for 29 fonts, out of 3000000 for 9000
 28 hyphenation exceptions out of 8191
 25i,8n,19p,185b,279s stack positions out of 5000i,500n,10000p,200000b,50000s
</usr/share/texmf-texlive/fonts/type1/public/amsfon
ts/cm/cmbx10.pfb></usr/share/texmf-texlive/fonts/type1/public/amsfonts/cm/cmbx1
2.pfb></usr/share/texmf-texlive/fonts/type1/public/amsfonts/cm/cmmi10.pfb></usr
/share/texmf-texlive/fonts/type1/public/amsfonts/cm/cmmib10.pfb></usr/share/tex
mf-texlive/fonts/type1/public/amsfonts/cm/cmr10.pfb></usr/share/texmf-texlive/f
onts/type1/public/amsfonts/cm/cmr6.pfb></usr/share/texmf-texlive/fonts/type1/pu
blic/amsfonts/cm/cmr7.pfb></usr/share/texmf-texlive/fonts/type1/public/amsfonts
/cm/cmr8.pfb></usr/share/texmf-texlive/fonts/type1/public/amsfonts/cm/cmsy10.pf
b></usr/share/texmf-texlive/fonts/type1/public/amsfonts/cm/cmti10.pfb></usr/sha
re/texmf-texlive/fonts/type1/public/amsfonts/cm/cmti8.pfb></usr/share/texmf-tex
live/fonts/type1/public/amsfonts/cm/cmtt10.pfb>
Output written on ./doc/CSPA.pdf (22 pages, 180149 bytes).
PDF statistics:
 121 PDF objects out of 1000 (max. 8388607)
 0 named destinations out of 1000 (max. 500000)
 1 words of extra memory for PDF output out of 10000 (max. 10000000)

